2026/05/10 16:31:48 [notice] 1#1: using the "epoll" event method
2026/05/10 16:31:48 [notice] 1#1: nginx/1.29.8
2026/05/10 16:31:48 [notice] 1#1: built by gcc 15.2.0 (Alpine 15.2.0) 
2026/05/10 16:31:48 [notice] 1#1: OS: Linux 6.10.14-linuxkit
2026/05/10 16:31:48 [notice] 1#1: getrlimit(RLIMIT_NOFILE): 1048576:1048576
2026/05/10 16:31:48 [notice] 1#1: start worker processes
2026/05/10 16:31:48 [notice] 1#1: start worker process 28
2026/05/10 16:31:48 [notice] 1#1: start worker process 29
2026/05/10 16:31:48 [notice] 1#1: start worker process 30
2026/05/10 16:31:48 [notice] 1#1: start worker process 31
2026/05/10 16:31:48 [notice] 1#1: start worker process 32
2026/05/10 16:31:48 [notice] 1#1: start worker process 33
2026/05/10 16:31:48 [notice] 1#1: start worker process 34
2026/05/10 16:31:48 [notice] 1#1: start worker process 35
2026/05/10 16:34:07 [notice] 1#1: signal 3 (SIGQUIT) received, shutting down
2026/05/10 16:34:07 [notice] 31#31: gracefully shutting down
2026/05/10 16:34:07 [notice] 35#35: gracefully shutting down
2026/05/10 16:34:07 [notice] 28#28: gracefully shutting down
2026/05/10 16:34:07 [notice] 34#34: gracefully shutting down
2026/05/10 16:34:07 [notice] 33#33: gracefully shutting down
2026/05/10 16:34:07 [notice] 34#34: exiting
2026/05/10 16:34:07 [notice] 30#30: gracefully shutting down
2026/05/10 16:34:07 [notice] 32#32: gracefully shutting down
2026/05/10 16:34:07 [notice] 29#29: gracefully shutting down
2026/05/10 16:34:07 [notice] 32#32: exiting
2026/05/10 16:34:07 [notice] 31#31: exiting
2026/05/10 16:34:07 [notice] 35#35: exiting
2026/05/10 16:34:07 [notice] 32#32: exit
2026/05/10 16:34:07 [notice] 28#28: exiting
2026/05/10 16:34:07 [notice] 33#33: exiting
2026/05/10 16:34:07 [notice] 30#30: exiting
2026/05/10 16:34:07 [notice] 34#34: exit
2026/05/10 16:34:07 [notice] 29#29: exiting
2026/05/10 16:34:07 [notice] 31#31: exit
2026/05/10 16:34:07 [notice] 29#29: exit
2026/05/10 16:34:07 [notice] 35#35: exit
2026/05/10 16:34:07 [notice] 28#28: exit
2026/05/10 16:34:07 [notice] 33#33: exit
2026/05/10 16:34:07 [notice] 30#30: exit
2026/05/10 16:34:07 [notice] 1#1: signal 17 (SIGCHLD) received from 34
2026/05/10 16:34:07 [notice] 1#1: worker process 30 exited with code 0
2026/05/10 16:34:07 [notice] 1#1: worker process 31 exited with code 0
2026/05/10 16:34:07 [notice] 1#1: worker process 32 exited with code 0
2026/05/10 16:34:07 [notice] 1#1: worker process 34 exited with code 0
2026/05/10 16:34:07 [notice] 1#1: worker process 35 exited with code 0
2026/05/10 16:34:07 [notice] 1#1: signal 29 (SIGIO) received
2026/05/10 16:34:07 [notice] 1#1: signal 17 (SIGCHLD) received from 31
2026/05/10 16:34:07 [notice] 1#1: signal 17 (SIGCHLD) received from 29
2026/05/10 16:34:07 [notice] 1#1: worker process 28 exited with code 0
2026/05/10 16:34:07 [notice] 1#1: worker process 29 exited with code 0
2026/05/10 16:34:07 [notice] 1#1: worker process 33 exited with code 0
2026/05/10 16:34:07 [notice] 1#1: exit
2026/05/10 16:34:10 [notice] 1#1: using the "epoll" event method
2026/05/10 16:34:10 [notice] 1#1: nginx/1.29.8
2026/05/10 16:34:10 [notice] 1#1: built by gcc 15.2.0 (Alpine 15.2.0) 
2026/05/10 16:34:10 [notice] 1#1: OS: Linux 6.10.14-linuxkit
2026/05/10 16:34:10 [notice] 1#1: getrlimit(RLIMIT_NOFILE): 1048576:1048576
2026/05/10 16:34:10 [notice] 1#1: start worker processes
2026/05/10 16:34:10 [notice] 1#1: start worker process 29
2026/05/10 16:34:10 [notice] 1#1: start worker process 30
2026/05/10 16:34:10 [notice] 1#1: start worker process 31
2026/05/10 16:34:10 [notice] 1#1: start worker process 32
2026/05/10 16:34:10 [notice] 1#1: start worker process 33
2026/05/10 16:34:10 [notice] 1#1: start worker process 34
2026/05/10 16:34:10 [notice] 1#1: start worker process 35
2026/05/10 16:34:10 [notice] 1#1: start worker process 36
2026/05/10 16:37:05 [notice] 1#1: signal 3 (SIGQUIT) received, shutting down
2026/05/10 16:37:05 [notice] 33#33: gracefully shutting down
2026/05/10 16:37:05 [notice] 30#30: gracefully shutting down
2026/05/10 16:37:05 [notice] 29#29: gracefully shutting down
2026/05/10 16:37:05 [notice] 34#34: gracefully shutting down
2026/05/10 16:37:05 [notice] 33#33: exiting
2026/05/10 16:37:05 [notice] 32#32: gracefully shutting down
2026/05/10 16:37:05 [notice] 31#31: gracefully shutting down
2026/05/10 16:37:05 [notice] 36#36: gracefully shutting down
2026/05/10 16:37:05 [notice] 35#35: gracefully shutting down
2026/05/10 16:37:05 [notice] 30#30: exiting
2026/05/10 16:37:05 [notice] 35#35: exiting
2026/05/10 16:37:05 [notice] 29#29: exiting
2026/05/10 16:37:05 [notice] 35#35: exit
2026/05/10 16:37:05 [notice] 34#34: exiting
2026/05/10 16:37:05 [notice] 33#33: exit
2026/05/10 16:37:05 [notice] 31#31: exiting
2026/05/10 16:37:05 [notice] 32#32: exiting
2026/05/10 16:37:05 [notice] 36#36: exiting
2026/05/10 16:37:05 [notice] 30#30: exit
2026/05/10 16:37:05 [notice] 36#36: exit
2026/05/10 16:37:05 [notice] 29#29: exit
2026/05/10 16:37:05 [notice] 34#34: exit
2026/05/10 16:37:05 [notice] 31#31: exit
2026/05/10 16:37:05 [notice] 32#32: exit
2026/05/10 16:37:05 [notice] 1#1: signal 17 (SIGCHLD) received from 30
2026/05/10 16:37:05 [notice] 1#1: worker process 30 exited with code 0
2026/05/10 16:37:05 [notice] 1#1: worker process 36 exited with code 0
2026/05/10 16:37:05 [notice] 1#1: signal 29 (SIGIO) received
2026/05/10 16:37:05 [notice] 1#1: signal 17 (SIGCHLD) received from 35
2026/05/10 16:37:05 [notice] 1#1: worker process 29 exited with code 0
2026/05/10 16:37:05 [notice] 1#1: worker process 33 exited with code 0
2026/05/10 16:37:05 [notice] 1#1: worker process 31 exited with code 0
2026/05/10 16:37:05 [notice] 1#1: worker process 34 exited with code 0
2026/05/10 16:37:05 [notice] 1#1: worker process 32 exited with code 0
2026/05/10 16:37:05 [notice] 1#1: worker process 35 exited with code 0
2026/05/10 16:37:05 [notice] 1#1: exit
2026/05/10 16:37:06 [notice] 1#1: using the "epoll" event method
2026/05/10 16:37:06 [notice] 1#1: nginx/1.29.8
2026/05/10 16:37:06 [notice] 1#1: built by gcc 15.2.0 (Alpine 15.2.0) 
2026/05/10 16:37:06 [notice] 1#1: OS: Linux 6.10.14-linuxkit
2026/05/10 16:37:06 [notice] 1#1: getrlimit(RLIMIT_NOFILE): 1048576:1048576
2026/05/10 16:37:06 [notice] 1#1: start worker processes
2026/05/10 16:37:06 [notice] 1#1: start worker process 28
2026/05/10 16:37:06 [notice] 1#1: start worker process 29
2026/05/10 16:37:06 [notice] 1#1: start worker process 30
2026/05/10 16:37:06 [notice] 1#1: start worker process 31
2026/05/10 16:37:06 [notice] 1#1: start worker process 32
2026/05/10 16:37:06 [notice] 1#1: start worker process 33
2026/05/10 16:37:06 [notice] 1#1: start worker process 34
2026/05/10 16:37:06 [notice] 1#1: start worker process 35
2026/05/10 16:43:43 [notice] 1#1: signal 3 (SIGQUIT) received, shutting down
2026/05/10 16:43:43 [notice] 28#28: gracefully shutting down
2026/05/10 16:43:43 [notice] 31#31: gracefully shutting down
2026/05/10 16:43:43 [notice] 29#29: gracefully shutting down
2026/05/10 16:43:43 [notice] 30#30: gracefully shutting down
2026/05/10 16:43:43 [notice] 28#28: exiting
2026/05/10 16:43:43 [notice] 32#32: gracefully shutting down
2026/05/10 16:43:43 [notice] 33#33: gracefully shutting down
2026/05/10 16:43:43 [notice] 35#35: gracefully shutting down
2026/05/10 16:43:43 [notice] 32#32: exiting
2026/05/10 16:43:43 [notice] 34#34: gracefully shutting down
2026/05/10 16:43:43 [notice] 32#32: exit
2026/05/10 16:43:43 [notice] 31#31: exiting
2026/05/10 16:43:43 [notice] 29#29: exiting
2026/05/10 16:43:43 [notice] 30#30: exiting
2026/05/10 16:43:43 [notice] 31#31: exit
2026/05/10 16:43:43 [notice] 28#28: exit
2026/05/10 16:43:43 [notice] 33#33: exiting
2026/05/10 16:43:43 [notice] 35#35: exiting
2026/05/10 16:43:43 [notice] 34#34: exiting
2026/05/10 16:43:43 [notice] 33#33: exit
2026/05/10 16:43:43 [notice] 29#29: exit
2026/05/10 16:43:43 [notice] 30#30: exit
2026/05/10 16:43:43 [notice] 35#35: exit
2026/05/10 16:43:43 [notice] 34#34: exit
2026/05/10 16:43:43 [notice] 1#1: signal 17 (SIGCHLD) received from 31
2026/05/10 16:43:43 [notice] 1#1: worker process 31 exited with code 0
2026/05/10 16:43:43 [notice] 1#1: signal 29 (SIGIO) received
2026/05/10 16:43:43 [notice] 1#1: signal 17 (SIGCHLD) received from 35
2026/05/10 16:43:43 [notice] 1#1: worker process 28 exited with code 0
2026/05/10 16:43:43 [notice] 1#1: worker process 29 exited with code 0
2026/05/10 16:43:43 [notice] 1#1: worker process 30 exited with code 0
2026/05/10 16:43:43 [notice] 1#1: worker process 32 exited with code 0
2026/05/10 16:43:43 [notice] 1#1: worker process 33 exited with code 0
2026/05/10 16:43:43 [notice] 1#1: worker process 34 exited with code 0
2026/05/10 16:43:43 [notice] 1#1: worker process 35 exited with code 0
2026/05/10 16:43:43 [notice] 1#1: exit
2026/05/10 16:43:44 [notice] 1#1: using the "epoll" event method
2026/05/10 16:43:44 [notice] 1#1: nginx/1.29.8
2026/05/10 16:43:44 [notice] 1#1: built by gcc 15.2.0 (Alpine 15.2.0) 
2026/05/10 16:43:44 [notice] 1#1: OS: Linux 6.10.14-linuxkit
2026/05/10 16:43:44 [notice] 1#1: getrlimit(RLIMIT_NOFILE): 1048576:1048576
2026/05/10 16:43:44 [notice] 1#1: start worker processes
2026/05/10 16:43:44 [notice] 1#1: start worker process 29
2026/05/10 16:43:44 [notice] 1#1: start worker process 30
2026/05/10 16:43:44 [notice] 1#1: start worker process 31
2026/05/10 16:43:44 [notice] 1#1: start worker process 32
2026/05/10 16:43:44 [notice] 1#1: start worker process 33
2026/05/10 16:43:44 [notice] 1#1: start worker process 34
2026/05/10 16:43:44 [notice] 1#1: start worker process 35
2026/05/10 16:43:44 [notice] 1#1: start worker process 36
2026/05/10 16:44:32 [notice] 1#1: signal 3 (SIGQUIT) received, shutting down
2026/05/10 16:44:32 [notice] 30#30: gracefully shutting down
2026/05/10 16:44:32 [notice] 32#32: gracefully shutting down
2026/05/10 16:44:32 [notice] 35#35: gracefully shutting down
2026/05/10 16:44:32 [notice] 33#33: gracefully shutting down
2026/05/10 16:44:32 [notice] 35#35: exiting
2026/05/10 16:44:32 [notice] 34#34: gracefully shutting down
2026/05/10 16:44:32 [notice] 36#36: gracefully shutting down
2026/05/10 16:44:32 [notice] 29#29: gracefully shutting down
2026/05/10 16:44:32 [notice] 34#34: exiting
2026/05/10 16:44:32 [notice] 31#31: gracefully shutting down
2026/05/10 16:44:32 [notice] 34#34: exit
2026/05/10 16:44:32 [notice] 30#30: exiting
2026/05/10 16:44:32 [notice] 32#32: exiting
2026/05/10 16:44:32 [notice] 33#33: exiting
2026/05/10 16:44:32 [notice] 35#35: exit
2026/05/10 16:44:32 [notice] 29#29: exiting
2026/05/10 16:44:32 [notice] 36#36: exiting
2026/05/10 16:44:32 [notice] 30#30: exit
2026/05/10 16:44:32 [notice] 29#29: exit
2026/05/10 16:44:32 [notice] 33#33: exit
2026/05/10 16:44:32 [notice] 32#32: exit
2026/05/10 16:44:32 [notice] 31#31: exiting
2026/05/10 16:44:32 [notice] 36#36: exit
2026/05/10 16:44:32 [notice] 31#31: exit
2026/05/10 16:44:32 [notice] 1#1: signal 17 (SIGCHLD) received from 36
2026/05/10 16:44:32 [notice] 1#1: worker process 29 exited with code 0
2026/05/10 16:44:32 [notice] 1#1: worker process 36 exited with code 0
2026/05/10 16:44:32 [notice] 1#1: signal 29 (SIGIO) received
2026/05/10 16:44:32 [notice] 1#1: signal 17 (SIGCHLD) received from 33
2026/05/10 16:44:32 [notice] 1#1: worker process 30 exited with code 0
2026/05/10 16:44:32 [notice] 1#1: worker process 31 exited with code 0
2026/05/10 16:44:32 [notice] 1#1: worker process 32 exited with code 0
2026/05/10 16:44:32 [notice] 1#1: worker process 33 exited with code 0
2026/05/10 16:44:32 [notice] 1#1: worker process 34 exited with code 0
2026/05/10 16:44:32 [notice] 1#1: worker process 35 exited with code 0
2026/05/10 16:44:32 [notice] 1#1: exit
2026/05/10 16:44:32 [notice] 1#1: using the "epoll" event method
2026/05/10 16:44:32 [notice] 1#1: nginx/1.29.8
2026/05/10 16:44:32 [notice] 1#1: built by gcc 15.2.0 (Alpine 15.2.0) 
2026/05/10 16:44:32 [notice] 1#1: OS: Linux 6.10.14-linuxkit
2026/05/10 16:44:32 [notice] 1#1: getrlimit(RLIMIT_NOFILE): 1048576:1048576
2026/05/10 16:44:32 [notice] 1#1: start worker processes
2026/05/10 16:44:32 [notice] 1#1: start worker process 28
2026/05/10 16:44:32 [notice] 1#1: start worker process 29
2026/05/10 16:44:32 [notice] 1#1: start worker process 30
2026/05/10 16:44:32 [notice] 1#1: start worker process 31
2026/05/10 16:44:32 [notice] 1#1: start worker process 32
2026/05/10 16:44:32 [notice] 1#1: start worker process 33
2026/05/10 16:44:32 [notice] 1#1: start worker process 34
2026/05/10 16:44:32 [notice] 1#1: start worker process 35
2026/05/10 16:47:13 [notice] 1#1: signal 3 (SIGQUIT) received, shutting down
2026/05/10 16:47:13 [notice] 29#29: gracefully shutting down
2026/05/10 16:47:13 [notice] 28#28: gracefully shutting down
2026/05/10 16:47:13 [notice] 34#34: gracefully shutting down
2026/05/10 16:47:13 [notice] 35#35: gracefully shutting down
2026/05/10 16:47:13 [notice] 33#33: gracefully shutting down
2026/05/10 16:47:13 [notice] 35#35: exiting
2026/05/10 16:47:13 [notice] 32#32: gracefully shutting down
2026/05/10 16:47:13 [notice] 30#30: gracefully shutting down
2026/05/10 16:47:13 [notice] 31#31: gracefully shutting down
2026/05/10 16:47:13 [notice] 29#29: exiting
2026/05/10 16:47:13 [notice] 31#31: exiting
2026/05/10 16:47:13 [notice] 28#28: exiting
2026/05/10 16:47:13 [notice] 34#34: exiting
2026/05/10 16:47:13 [notice] 33#33: exiting
2026/05/10 16:47:13 [notice] 35#35: exit
2026/05/10 16:47:13 [notice] 32#32: exiting
2026/05/10 16:47:13 [notice] 30#30: exiting
2026/05/10 16:47:13 [notice] 29#29: exit
2026/05/10 16:47:13 [notice] 31#31: exit
2026/05/10 16:47:13 [notice] 34#34: exit
2026/05/10 16:47:13 [notice] 28#28: exit
2026/05/10 16:47:13 [notice] 33#33: exit
2026/05/10 16:47:13 [notice] 32#32: exit
2026/05/10 16:47:13 [notice] 30#30: exit
2026/05/10 16:47:13 [notice] 1#1: signal 17 (SIGCHLD) received from 34
2026/05/10 16:47:13 [notice] 1#1: worker process 29 exited with code 0
2026/05/10 16:47:13 [notice] 1#1: worker process 28 exited with code 0
2026/05/10 16:47:13 [notice] 1#1: worker process 31 exited with code 0
2026/05/10 16:47:13 [notice] 1#1: worker process 32 exited with code 0
2026/05/10 16:47:13 [notice] 1#1: worker process 33 exited with code 0
2026/05/10 16:47:13 [notice] 1#1: worker process 34 exited with code 0
2026/05/10 16:47:13 [notice] 1#1: worker process 35 exited with code 0
2026/05/10 16:47:13 [notice] 1#1: signal 29 (SIGIO) received
2026/05/10 16:47:13 [notice] 1#1: signal 17 (SIGCHLD) received from 29
2026/05/10 16:47:13 [notice] 1#1: signal 17 (SIGCHLD) received from 30
2026/05/10 16:47:13 [notice] 1#1: worker process 30 exited with code 0
2026/05/10 16:47:13 [notice] 1#1: exit
2026/05/10 17:14:08 [notice] 1#1: using the "epoll" event method
2026/05/10 17:14:08 [notice] 1#1: nginx/1.29.8
2026/05/10 17:14:08 [notice] 1#1: built by gcc 15.2.0 (Alpine 15.2.0) 
2026/05/10 17:14:08 [notice] 1#1: OS: Linux 6.10.14-linuxkit
2026/05/10 17:14:08 [notice] 1#1: getrlimit(RLIMIT_NOFILE): 1048576:1048576
2026/05/10 17:14:08 [notice] 1#1: start worker processes
2026/05/10 17:14:08 [notice] 1#1: start worker process 28
2026/05/10 17:14:08 [notice] 1#1: start worker process 29
2026/05/10 17:14:08 [notice] 1#1: start worker process 30
2026/05/10 17:14:08 [notice] 1#1: start worker process 31
2026/05/10 17:14:08 [notice] 1#1: start worker process 32
2026/05/10 17:14:08 [notice] 1#1: start worker process 33
2026/05/10 17:14:08 [notice] 1#1: start worker process 34
2026/05/10 17:14:08 [notice] 1#1: start worker process 35
2026/05/10 17:16:59 [notice] 1#1: signal 3 (SIGQUIT) received, shutting down
2026/05/10 17:16:59 [notice] 28#28: gracefully shutting down
2026/05/10 17:16:59 [notice] 31#31: gracefully shutting down
2026/05/10 17:16:59 [notice] 29#29: gracefully shutting down
2026/05/10 17:16:59 [notice] 30#30: gracefully shutting down
2026/05/10 17:16:59 [notice] 34#34: gracefully shutting down
2026/05/10 17:16:59 [notice] 33#33: gracefully shutting down
2026/05/10 17:16:59 [notice] 32#32: gracefully shutting down
2026/05/10 17:16:59 [notice] 28#28: exiting
2026/05/10 17:16:59 [notice] 34#34: exiting
2026/05/10 17:16:59 [notice] 31#31: exiting
2026/05/10 17:16:59 [notice] 35#35: gracefully shutting down
2026/05/10 17:16:59 [notice] 30#30: exiting
2026/05/10 17:16:59 [notice] 29#29: exiting
2026/05/10 17:16:59 [notice] 33#33: exiting
2026/05/10 17:16:59 [notice] 32#32: exiting
2026/05/10 17:16:59 [notice] 28#28: exit
2026/05/10 17:16:59 [notice] 34#34: exit
2026/05/10 17:16:59 [notice] 31#31: exit
2026/05/10 17:16:59 [notice] 35#35: exiting
2026/05/10 17:16:59 [notice] 30#30: exit
2026/05/10 17:16:59 [notice] 35#35: exit
2026/05/10 17:16:59 [notice] 29#29: exit
2026/05/10 17:16:59 [notice] 33#33: exit
2026/05/10 17:16:59 [notice] 32#32: exit
2026/05/10 17:16:59 [notice] 1#1: signal 17 (SIGCHLD) received from 34
2026/05/10 17:16:59 [notice] 1#1: worker process 28 exited with code 0
2026/05/10 17:16:59 [notice] 1#1: worker process 29 exited with code 0
2026/05/10 17:16:59 [notice] 1#1: worker process 30 exited with code 0
2026/05/10 17:16:59 [notice] 1#1: worker process 31 exited with code 0
2026/05/10 17:16:59 [notice] 1#1: worker process 33 exited with code 0
2026/05/10 17:16:59 [notice] 1#1: worker process 34 exited with code 0
2026/05/10 17:16:59 [notice] 1#1: worker process 35 exited with code 0
2026/05/10 17:16:59 [notice] 1#1: signal 29 (SIGIO) received
2026/05/10 17:16:59 [notice] 1#1: signal 17 (SIGCHLD) received from 31
2026/05/10 17:16:59 [notice] 1#1: signal 17 (SIGCHLD) received from 32
2026/05/10 17:16:59 [notice] 1#1: worker process 32 exited with code 0
2026/05/10 17:16:59 [notice] 1#1: exit
2026/05/10 17:18:47 [notice] 1#1: using the "epoll" event method
2026/05/10 17:18:47 [notice] 1#1: nginx/1.29.8
2026/05/10 17:18:47 [notice] 1#1: built by gcc 15.2.0 (Alpine 15.2.0) 
2026/05/10 17:18:47 [notice] 1#1: OS: Linux 6.10.14-linuxkit
2026/05/10 17:18:47 [notice] 1#1: getrlimit(RLIMIT_NOFILE): 1048576:1048576
2026/05/10 17:18:47 [notice] 1#1: start worker processes
2026/05/10 17:18:47 [notice] 1#1: start worker process 29
2026/05/10 17:18:47 [notice] 1#1: start worker process 30
2026/05/10 17:18:47 [notice] 1#1: start worker process 31
2026/05/10 17:18:47 [notice] 1#1: start worker process 32
2026/05/10 17:18:47 [notice] 1#1: start worker process 33
2026/05/10 17:18:47 [notice] 1#1: start worker process 34
2026/05/10 17:18:47 [notice] 1#1: start worker process 35
2026/05/10 17:18:47 [notice] 1#1: start worker process 36
2026/05/10 17:21:09 [notice] 1#1: signal 3 (SIGQUIT) received, shutting down
2026/05/10 17:21:09 [notice] 32#32: gracefully shutting down
2026/05/10 17:21:09 [notice] 36#36: gracefully shutting down
2026/05/10 17:21:09 [notice] 30#30: gracefully shutting down
2026/05/10 17:21:09 [notice] 36#36: exiting
2026/05/10 17:21:09 [notice] 34#34: gracefully shutting down
2026/05/10 17:21:09 [notice] 32#32: exiting
2026/05/10 17:21:09 [notice] 33#33: gracefully shutting down
2026/05/10 17:21:09 [notice] 31#31: gracefully shutting down
2026/05/10 17:21:09 [notice] 30#30: exiting
2026/05/10 17:21:09 [notice] 29#29: gracefully shutting down
2026/05/10 17:21:09 [notice] 35#35: gracefully shutting down
2026/05/10 17:21:09 [notice] 31#31: exiting
2026/05/10 17:21:09 [notice] 34#34: exiting
2026/05/10 17:21:09 [notice] 32#32: exit
2026/05/10 17:21:09 [notice] 36#36: exit
2026/05/10 17:21:09 [notice] 33#33: exiting
2026/05/10 17:21:09 [notice] 29#29: exiting
2026/05/10 17:21:09 [notice] 30#30: exit
2026/05/10 17:21:09 [notice] 35#35: exiting
2026/05/10 17:21:09 [notice] 34#34: exit
2026/05/10 17:21:09 [notice] 31#31: exit
2026/05/10 17:21:09 [notice] 33#33: exit
2026/05/10 17:21:09 [notice] 29#29: exit
2026/05/10 17:21:09 [notice] 35#35: exit
2026/05/10 17:21:09 [notice] 1#1: signal 17 (SIGCHLD) received from 30
2026/05/10 17:21:09 [notice] 1#1: worker process 30 exited with code 0
2026/05/10 17:21:09 [notice] 1#1: worker process 33 exited with code 0
2026/05/10 17:21:09 [notice] 1#1: worker process 29 exited with code 0
2026/05/10 17:21:09 [notice] 1#1: signal 29 (SIGIO) received
2026/05/10 17:21:09 [notice] 1#1: signal 17 (SIGCHLD) received from 33
2026/05/10 17:21:09 [notice] 1#1: signal 17 (SIGCHLD) received from 31
2026/05/10 17:21:09 [notice] 1#1: worker process 31 exited with code 0
2026/05/10 17:21:09 [notice] 1#1: worker process 34 exited with code 0
2026/05/10 17:21:09 [notice] 1#1: worker process 36 exited with code 0
2026/05/10 17:21:09 [notice] 1#1: signal 29 (SIGIO) received
2026/05/10 17:21:09 [notice] 1#1: signal 17 (SIGCHLD) received from 34
2026/05/10 17:21:09 [notice] 1#1: signal 17 (SIGCHLD) received from 32
2026/05/10 17:21:09 [notice] 1#1: worker process 32 exited with code 0
2026/05/10 17:21:09 [notice] 1#1: signal 29 (SIGIO) received
2026/05/10 17:21:09 [notice] 1#1: signal 17 (SIGCHLD) received from 35
2026/05/10 17:21:09 [notice] 1#1: worker process 35 exited with code 0
2026/05/10 17:21:09 [notice] 1#1: exit
2026/05/10 17:21:15 [notice] 1#1: using the "epoll" event method
2026/05/10 17:21:15 [notice] 1#1: nginx/1.29.8
2026/05/10 17:21:15 [notice] 1#1: built by gcc 15.2.0 (Alpine 15.2.0) 
2026/05/10 17:21:15 [notice] 1#1: OS: Linux 6.10.14-linuxkit
2026/05/10 17:21:15 [notice] 1#1: getrlimit(RLIMIT_NOFILE): 1048576:1048576
2026/05/10 17:21:15 [notice] 1#1: start worker processes
2026/05/10 17:21:15 [notice] 1#1: start worker process 29
2026/05/10 17:21:15 [notice] 1#1: start worker process 30
2026/05/10 17:21:15 [notice] 1#1: start worker process 31
2026/05/10 17:21:15 [notice] 1#1: start worker process 32
2026/05/10 17:21:15 [notice] 1#1: start worker process 33
2026/05/10 17:21:15 [notice] 1#1: start worker process 34
2026/05/10 17:21:15 [notice] 1#1: start worker process 35
2026/05/10 17:21:15 [notice] 1#1: start worker process 36
2026/05/10 17:22:46 [notice] 1#1: signal 3 (SIGQUIT) received, shutting down
2026/05/10 17:22:46 [notice] 29#29: gracefully shutting down
2026/05/10 17:22:46 [notice] 35#35: gracefully shutting down
2026/05/10 17:22:46 [notice] 31#31: gracefully shutting down
2026/05/10 17:22:46 [notice] 30#30: gracefully shutting down
2026/05/10 17:22:46 [notice] 35#35: exiting
2026/05/10 17:22:46 [notice] 32#32: gracefully shutting down
2026/05/10 17:22:46 [notice] 33#33: gracefully shutting down
2026/05/10 17:22:46 [notice] 36#36: gracefully shutting down
2026/05/10 17:22:46 [notice] 32#32: exiting
2026/05/10 17:22:46 [notice] 34#34: gracefully shutting down
2026/05/10 17:22:46 [notice] 29#29: exiting
2026/05/10 17:22:46 [notice] 31#31: exiting
2026/05/10 17:22:46 [notice] 30#30: exiting
2026/05/10 17:22:46 [notice] 31#31: exit
2026/05/10 17:22:46 [notice] 35#35: exit
2026/05/10 17:22:46 [notice] 33#33: exiting
2026/05/10 17:22:46 [notice] 36#36: exiting
2026/05/10 17:22:46 [notice] 32#32: exit
2026/05/10 17:22:46 [notice] 29#29: exit
2026/05/10 17:22:46 [notice] 30#30: exit
2026/05/10 17:22:46 [notice] 34#34: exiting
2026/05/10 17:22:46 [notice] 33#33: exit
2026/05/10 17:22:46 [notice] 36#36: exit
2026/05/10 17:22:46 [notice] 34#34: exit
2026/05/10 17:22:46 [notice] 1#1: signal 17 (SIGCHLD) received from 32
2026/05/10 17:22:46 [notice] 1#1: worker process 32 exited with code 0
2026/05/10 17:22:46 [notice] 1#1: signal 29 (SIGIO) received
2026/05/10 17:22:46 [notice] 1#1: signal 17 (SIGCHLD) received from 36
2026/05/10 17:22:46 [notice] 1#1: worker process 29 exited with code 0
2026/05/10 17:22:46 [notice] 1#1: worker process 30 exited with code 0
2026/05/10 17:22:46 [notice] 1#1: worker process 31 exited with code 0
2026/05/10 17:22:46 [notice] 1#1: worker process 33 exited with code 0
2026/05/10 17:22:46 [notice] 1#1: worker process 35 exited with code 0
2026/05/10 17:22:46 [notice] 1#1: worker process 36 exited with code 0
2026/05/10 17:22:46 [notice] 1#1: signal 29 (SIGIO) received
2026/05/10 17:22:46 [notice] 1#1: signal 17 (SIGCHLD) received from 34
2026/05/10 17:22:46 [notice] 1#1: worker process 34 exited with code 0
2026/05/10 17:22:46 [notice] 1#1: exit
2026/05/10 17:22:52 [notice] 1#1: using the "epoll" event method
2026/05/10 17:22:52 [notice] 1#1: nginx/1.29.8
2026/05/10 17:22:52 [notice] 1#1: built by gcc 15.2.0 (Alpine 15.2.0) 
2026/05/10 17:22:52 [notice] 1#1: OS: Linux 6.10.14-linuxkit
2026/05/10 17:22:52 [notice] 1#1: getrlimit(RLIMIT_NOFILE): 1048576:1048576
2026/05/10 17:22:52 [notice] 1#1: start worker processes
2026/05/10 17:22:52 [notice] 1#1: start worker process 28
2026/05/10 17:22:52 [notice] 1#1: start worker process 29
2026/05/10 17:22:52 [notice] 1#1: start worker process 30
2026/05/10 17:22:52 [notice] 1#1: start worker process 31
2026/05/10 17:22:52 [notice] 1#1: start worker process 32
2026/05/10 17:22:52 [notice] 1#1: start worker process 33
2026/05/10 17:22:52 [notice] 1#1: start worker process 34
2026/05/10 17:22:52 [notice] 1#1: start worker process 35
2026/05/10 17:25:18 [notice] 1#1: signal 3 (SIGQUIT) received, shutting down
2026/05/10 17:25:18 [notice] 31#31: gracefully shutting down
2026/05/10 17:25:18 [notice] 33#33: gracefully shutting down
2026/05/10 17:25:18 [notice] 28#28: gracefully shutting down
2026/05/10 17:25:18 [notice] 34#34: gracefully shutting down
2026/05/10 17:25:18 [notice] 32#32: gracefully shutting down
2026/05/10 17:25:18 [notice] 32#32: exiting
2026/05/10 17:25:18 [notice] 31#31: exiting
2026/05/10 17:25:18 [notice] 29#29: gracefully shutting down
2026/05/10 17:25:18 [notice] 31#31: exit
2026/05/10 17:25:18 [notice] 30#30: gracefully shutting down
2026/05/10 17:25:18 [notice] 35#35: gracefully shutting down
2026/05/10 17:25:18 [notice] 34#34: exiting
2026/05/10 17:25:18 [notice] 35#35: exiting
2026/05/10 17:25:18 [notice] 28#28: exiting
2026/05/10 17:25:18 [notice] 33#33: exiting
2026/05/10 17:25:18 [notice] 32#32: exit
2026/05/10 17:25:18 [notice] 29#29: exiting
2026/05/10 17:25:18 [notice] 30#30: exiting
2026/05/10 17:25:18 [notice] 34#34: exit
2026/05/10 17:25:18 [notice] 35#35: exit
2026/05/10 17:25:18 [notice] 28#28: exit
2026/05/10 17:25:18 [notice] 33#33: exit
2026/05/10 17:25:18 [notice] 29#29: exit
2026/05/10 17:25:18 [notice] 30#30: exit
2026/05/10 17:25:18 [notice] 1#1: signal 17 (SIGCHLD) received from 31
2026/05/10 17:25:18 [notice] 1#1: worker process 31 exited with code 0
2026/05/10 17:25:18 [notice] 1#1: worker process 32 exited with code 0
2026/05/10 17:25:18 [notice] 1#1: signal 29 (SIGIO) received
2026/05/10 17:25:18 [notice] 1#1: signal 17 (SIGCHLD) received from 30
2026/05/10 17:25:18 [notice] 1#1: worker process 28 exited with code 0
2026/05/10 17:25:18 [notice] 1#1: worker process 29 exited with code 0
2026/05/10 17:25:18 [notice] 1#1: worker process 30 exited with code 0
2026/05/10 17:25:18 [notice] 1#1: worker process 34 exited with code 0
2026/05/10 17:25:18 [notice] 1#1: worker process 35 exited with code 0
2026/05/10 17:25:18 [notice] 1#1: signal 29 (SIGIO) received
2026/05/10 17:25:18 [notice] 1#1: signal 17 (SIGCHLD) received from 34
2026/05/10 17:25:18 [notice] 1#1: signal 17 (SIGCHLD) received from 33
2026/05/10 17:25:18 [notice] 1#1: worker process 33 exited with code 0
2026/05/10 17:25:18 [notice] 1#1: exit
2026/05/10 17:25:24 [notice] 1#1: using the "epoll" event method
2026/05/10 17:25:24 [notice] 1#1: nginx/1.29.8
2026/05/10 17:25:24 [notice] 1#1: built by gcc 15.2.0 (Alpine 15.2.0) 
2026/05/10 17:25:24 [notice] 1#1: OS: Linux 6.10.14-linuxkit
2026/05/10 17:25:24 [notice] 1#1: getrlimit(RLIMIT_NOFILE): 1048576:1048576
2026/05/10 17:25:24 [notice] 1#1: start worker processes
2026/05/10 17:25:24 [notice] 1#1: start worker process 28
2026/05/10 17:25:24 [notice] 1#1: start worker process 29
2026/05/10 17:25:24 [notice] 1#1: start worker process 30
2026/05/10 17:25:24 [notice] 1#1: start worker process 31
2026/05/10 17:25:24 [notice] 1#1: start worker process 32
2026/05/10 17:25:24 [notice] 1#1: start worker process 33
2026/05/10 17:25:24 [notice] 1#1: start worker process 34
2026/05/10 17:25:24 [notice] 1#1: start worker process 35
2026/05/10 17:35:37 [notice] 1#1: signal 3 (SIGQUIT) received, shutting down
2026/05/10 17:35:37 [notice] 28#28: gracefully shutting down
2026/05/10 17:35:37 [notice] 30#30: gracefully shutting down
2026/05/10 17:35:37 [notice] 29#29: gracefully shutting down
2026/05/10 17:35:37 [notice] 35#35: gracefully shutting down
2026/05/10 17:35:37 [notice] 33#33: gracefully shutting down
2026/05/10 17:35:37 [notice] 31#31: gracefully shutting down
2026/05/10 17:35:37 [notice] 32#32: gracefully shutting down
2026/05/10 17:35:37 [notice] 31#31: exiting
2026/05/10 17:35:37 [notice] 34#34: gracefully shutting down
2026/05/10 17:35:37 [notice] 30#30: exiting
2026/05/10 17:35:37 [notice] 33#33: exiting
2026/05/10 17:35:37 [notice] 28#28: exiting
2026/05/10 17:35:37 [notice] 30#30: exit
2026/05/10 17:35:37 [notice] 35#35: exiting
2026/05/10 17:35:37 [notice] 32#32: exiting
2026/05/10 17:35:37 [notice] 29#29: exiting
2026/05/10 17:35:37 [notice] 34#34: exiting
2026/05/10 17:35:37 [notice] 31#31: exit
2026/05/10 17:35:37 [notice] 33#33: exit
2026/05/10 17:35:37 [notice] 35#35: exit
2026/05/10 17:35:37 [notice] 28#28: exit
2026/05/10 17:35:37 [notice] 32#32: exit
2026/05/10 17:35:37 [notice] 29#29: exit
2026/05/10 17:35:37 [notice] 34#34: exit
2026/05/10 17:35:37 [notice] 1#1: signal 17 (SIGCHLD) received from 35
2026/05/10 17:35:37 [notice] 1#1: worker process 30 exited with code 0
2026/05/10 17:35:37 [notice] 1#1: worker process 33 exited with code 0
2026/05/10 17:35:37 [notice] 1#1: worker process 28 exited with code 0
2026/05/10 17:35:37 [notice] 1#1: worker process 35 exited with code 0
2026/05/10 17:35:37 [notice] 1#1: signal 29 (SIGIO) received
2026/05/10 17:35:37 [notice] 1#1: signal 17 (SIGCHLD) received from 28
2026/05/10 17:35:37 [notice] 1#1: signal 17 (SIGCHLD) received from 29
2026/05/10 17:35:37 [notice] 1#1: worker process 29 exited with code 0
2026/05/10 17:35:37 [notice] 1#1: worker process 31 exited with code 0
2026/05/10 17:35:37 [notice] 1#1: worker process 32 exited with code 0
2026/05/10 17:35:37 [notice] 1#1: signal 29 (SIGIO) received
2026/05/10 17:35:37 [notice] 1#1: signal 17 (SIGCHLD) received from 32
2026/05/10 17:35:37 [notice] 1#1: worker process 34 exited with code 0
2026/05/10 17:35:37 [notice] 1#1: exit
2026/05/10 17:35:54 [notice] 1#1: using the "epoll" event method
2026/05/10 17:35:54 [notice] 1#1: nginx/1.29.8
2026/05/10 17:35:54 [notice] 1#1: built by gcc 15.2.0 (Alpine 15.2.0) 
2026/05/10 17:35:54 [notice] 1#1: OS: Linux 6.10.14-linuxkit
2026/05/10 17:35:54 [notice] 1#1: getrlimit(RLIMIT_NOFILE): 1048576:1048576
2026/05/10 17:35:54 [notice] 1#1: start worker processes
2026/05/10 17:35:54 [notice] 1#1: start worker process 28
2026/05/10 17:35:54 [notice] 1#1: start worker process 29
2026/05/10 17:35:54 [notice] 1#1: start worker process 30
2026/05/10 17:35:54 [notice] 1#1: start worker process 31
2026/05/10 17:35:54 [notice] 1#1: start worker process 32
2026/05/10 17:35:54 [notice] 1#1: start worker process 33
2026/05/10 17:35:54 [notice] 1#1: start worker process 34
2026/05/10 17:35:54 [notice] 1#1: start worker process 35
2026/05/10 17:38:33 [notice] 1#1: signal 3 (SIGQUIT) received, shutting down
2026/05/10 17:38:33 [notice] 28#28: gracefully shutting down
2026/05/10 17:38:33 [notice] 29#29: gracefully shutting down
2026/05/10 17:38:33 [notice] 32#32: gracefully shutting down
2026/05/10 17:38:33 [notice] 33#33: gracefully shutting down
2026/05/10 17:38:33 [notice] 31#31: gracefully shutting down
2026/05/10 17:38:33 [notice] 30#30: gracefully shutting down
2026/05/10 17:38:33 [notice] 35#35: gracefully shutting down
2026/05/10 17:38:33 [notice] 28#28: exiting
2026/05/10 17:38:33 [notice] 29#29: exiting
2026/05/10 17:38:33 [notice] 32#32: exiting
2026/05/10 17:38:33 [notice] 34#34: gracefully shutting down
2026/05/10 17:38:33 [notice] 33#33: exiting
2026/05/10 17:38:33 [notice] 31#31: exiting
2026/05/10 17:38:33 [notice] 35#35: exiting
2026/05/10 17:38:33 [notice] 30#30: exiting
2026/05/10 17:38:33 [notice] 35#35: exit
2026/05/10 17:38:33 [notice] 34#34: exiting
2026/05/10 17:38:33 [notice] 29#29: exit
2026/05/10 17:38:33 [notice] 34#34: exit
2026/05/10 17:38:33 [notice] 28#28: exit
2026/05/10 17:38:33 [notice] 32#32: exit
2026/05/10 17:38:33 [notice] 33#33: exit
2026/05/10 17:38:33 [notice] 31#31: exit
2026/05/10 17:38:33 [notice] 30#30: exit
2026/05/10 17:38:34 [notice] 1#1: signal 17 (SIGCHLD) received from 28
2026/05/10 17:38:34 [notice] 1#1: worker process 28 exited with code 0
2026/05/10 17:38:34 [notice] 1#1: worker process 29 exited with code 0
2026/05/10 17:38:34 [notice] 1#1: worker process 32 exited with code 0
2026/05/10 17:38:34 [notice] 1#1: signal 29 (SIGIO) received
2026/05/10 17:38:34 [notice] 1#1: signal 17 (SIGCHLD) received from 34
2026/05/10 17:38:34 [notice] 1#1: worker process 33 exited with code 0
2026/05/10 17:38:34 [notice] 1#1: worker process 30 exited with code 0
2026/05/10 17:38:34 [notice] 1#1: worker process 34 exited with code 0
2026/05/10 17:38:34 [notice] 1#1: worker process 35 exited with code 0
2026/05/10 17:38:34 [notice] 1#1: signal 29 (SIGIO) received
2026/05/10 17:38:34 [notice] 1#1: signal 17 (SIGCHLD) received from 35
2026/05/10 17:38:34 [notice] 1#1: signal 17 (SIGCHLD) received from 31
2026/05/10 17:38:34 [notice] 1#1: worker process 31 exited with code 0
2026/05/10 17:38:34 [notice] 1#1: exit
2026/05/10 17:38:54 [notice] 1#1: using the "epoll" event method
2026/05/10 17:38:54 [notice] 1#1: nginx/1.29.8
2026/05/10 17:38:54 [notice] 1#1: built by gcc 15.2.0 (Alpine 15.2.0) 
2026/05/10 17:38:54 [notice] 1#1: OS: Linux 6.10.14-linuxkit
2026/05/10 17:38:54 [notice] 1#1: getrlimit(RLIMIT_NOFILE): 1048576:1048576
2026/05/10 17:38:54 [notice] 1#1: start worker processes
2026/05/10 17:38:54 [notice] 1#1: start worker process 28
2026/05/10 17:38:54 [notice] 1#1: start worker process 29
2026/05/10 17:38:54 [notice] 1#1: start worker process 30
2026/05/10 17:38:54 [notice] 1#1: start worker process 31
2026/05/10 17:38:54 [notice] 1#1: start worker process 32
2026/05/10 17:38:54 [notice] 1#1: start worker process 33
2026/05/10 17:38:54 [notice] 1#1: start worker process 34
2026/05/10 17:38:54 [notice] 1#1: start worker process 35
2026/05/10 17:42:55 [notice] 1#1: signal 3 (SIGQUIT) received, shutting down
2026/05/10 17:42:55 [notice] 29#29: gracefully shutting down
2026/05/10 17:42:55 [notice] 32#32: gracefully shutting down
2026/05/10 17:42:55 [notice] 28#28: gracefully shutting down
2026/05/10 17:42:55 [notice] 30#30: gracefully shutting down
2026/05/10 17:42:55 [notice] 28#28: exiting
2026/05/10 17:42:55 [notice] 33#33: gracefully shutting down
2026/05/10 17:42:55 [notice] 34#34: gracefully shutting down
2026/05/10 17:42:55 [notice] 33#33: exiting
2026/05/10 17:42:55 [notice] 35#35: gracefully shutting down
2026/05/10 17:42:55 [notice] 29#29: exiting
2026/05/10 17:42:55 [notice] 32#32: exiting
2026/05/10 17:42:55 [notice] 30#30: exiting
2026/05/10 17:42:55 [notice] 32#32: exit
2026/05/10 17:42:55 [notice] 34#34: exiting
2026/05/10 17:42:55 [notice] 28#28: exit
2026/05/10 17:42:55 [notice] 31#31: gracefully shutting down
2026/05/10 17:42:55 [notice] 33#33: exit
2026/05/10 17:42:55 [notice] 31#31: exiting
2026/05/10 17:42:55 [notice] 35#35: exiting
2026/05/10 17:42:55 [notice] 31#31: exit
2026/05/10 17:42:55 [notice] 29#29: exit
2026/05/10 17:42:55 [notice] 30#30: exit
2026/05/10 17:42:55 [notice] 34#34: exit
2026/05/10 17:42:55 [notice] 35#35: exit
2026/05/10 17:42:55 [notice] 1#1: signal 17 (SIGCHLD) received from 34
2026/05/10 17:42:55 [notice] 1#1: worker process 28 exited with code 0
2026/05/10 17:42:55 [notice] 1#1: worker process 29 exited with code 0
2026/05/10 17:42:55 [notice] 1#1: worker process 31 exited with code 0
2026/05/10 17:42:55 [notice] 1#1: worker process 32 exited with code 0
2026/05/10 17:42:55 [notice] 1#1: worker process 30 exited with code 0
2026/05/10 17:42:55 [notice] 1#1: worker process 33 exited with code 0
2026/05/10 17:42:55 [notice] 1#1: worker process 34 exited with code 0
2026/05/10 17:42:55 [notice] 1#1: worker process 35 exited with code 0
2026/05/10 17:42:55 [notice] 1#1: exit
2026/05/10 17:43:15 [notice] 1#1: using the "epoll" event method
2026/05/10 17:43:15 [notice] 1#1: nginx/1.29.8
2026/05/10 17:43:15 [notice] 1#1: built by gcc 15.2.0 (Alpine 15.2.0) 
2026/05/10 17:43:15 [notice] 1#1: OS: Linux 6.10.14-linuxkit
2026/05/10 17:43:15 [notice] 1#1: getrlimit(RLIMIT_NOFILE): 1048576:1048576
2026/05/10 17:43:15 [notice] 1#1: start worker processes
2026/05/10 17:43:15 [notice] 1#1: start worker process 29
2026/05/10 17:43:15 [notice] 1#1: start worker process 30
2026/05/10 17:43:15 [notice] 1#1: start worker process 31
2026/05/10 17:43:15 [notice] 1#1: start worker process 32
2026/05/10 17:43:15 [notice] 1#1: start worker process 33
2026/05/10 17:43:15 [notice] 1#1: start worker process 34
2026/05/10 17:43:15 [notice] 1#1: start worker process 35
2026/05/10 17:43:15 [notice] 1#1: start worker process 36
2026/05/10 17:44:24 [notice] 1#1: signal 3 (SIGQUIT) received, shutting down
2026/05/10 17:44:24 [notice] 30#30: gracefully shutting down
2026/05/10 17:44:24 [notice] 30#30: exiting
2026/05/10 17:44:24 [notice] 30#30: exit
2026/05/10 17:44:24 [notice] 33#33: gracefully shutting down
2026/05/10 17:44:24 [notice] 29#29: gracefully shutting down
2026/05/10 17:44:24 [notice] 33#33: exiting
2026/05/10 17:44:24 [notice] 31#31: gracefully shutting down
2026/05/10 17:44:24 [notice] 33#33: exit
2026/05/10 17:44:24 [notice] 34#34: gracefully shutting down
2026/05/10 17:44:24 [notice] 32#32: gracefully shutting down
2026/05/10 17:44:24 [notice] 35#35: gracefully shutting down
2026/05/10 17:44:24 [notice] 36#36: gracefully shutting down
2026/05/10 17:44:24 [notice] 29#29: exiting
2026/05/10 17:44:24 [notice] 36#36: exiting
2026/05/10 17:44:24 [notice] 31#31: exiting
2026/05/10 17:44:24 [notice] 36#36: exit
2026/05/10 17:44:24 [notice] 34#34: exiting
2026/05/10 17:44:24 [notice] 32#32: exiting
2026/05/10 17:44:24 [notice] 35#35: exiting
2026/05/10 17:44:24 [notice] 32#32: exit
2026/05/10 17:44:24 [notice] 29#29: exit
2026/05/10 17:44:24 [notice] 31#31: exit
2026/05/10 17:44:24 [notice] 35#35: exit
2026/05/10 17:44:24 [notice] 34#34: exit
2026/05/10 17:44:24 [notice] 1#1: signal 17 (SIGCHLD) received from 30
2026/05/10 17:44:24 [notice] 1#1: worker process 30 exited with code 0
2026/05/10 17:44:24 [notice] 1#1: worker process 31 exited with code 0
2026/05/10 17:44:24 [notice] 1#1: worker process 34 exited with code 0
2026/05/10 17:44:24 [notice] 1#1: signal 29 (SIGIO) received
2026/05/10 17:44:24 [notice] 1#1: signal 17 (SIGCHLD) received from 31
2026/05/10 17:44:24 [notice] 1#1: signal 17 (SIGCHLD) received from 32
2026/05/10 17:44:24 [notice] 1#1: worker process 29 exited with code 0
2026/05/10 17:44:24 [notice] 1#1: worker process 32 exited with code 0
2026/05/10 17:44:24 [notice] 1#1: signal 29 (SIGIO) received
2026/05/10 17:44:24 [notice] 1#1: signal 17 (SIGCHLD) received from 29
2026/05/10 17:44:24 [notice] 1#1: worker process 35 exited with code 0
2026/05/10 17:44:24 [notice] 1#1: worker process 36 exited with code 0
2026/05/10 17:44:24 [notice] 1#1: signal 29 (SIGIO) received
2026/05/10 17:44:24 [notice] 1#1: signal 17 (SIGCHLD) received from 33
2026/05/10 17:44:24 [notice] 1#1: worker process 33 exited with code 0
2026/05/10 17:44:24 [notice] 1#1: exit
2026/05/10 17:44:50 [notice] 1#1: using the "epoll" event method
2026/05/10 17:44:50 [notice] 1#1: nginx/1.29.8
2026/05/10 17:44:50 [notice] 1#1: built by gcc 15.2.0 (Alpine 15.2.0) 
2026/05/10 17:44:50 [notice] 1#1: OS: Linux 6.10.14-linuxkit
2026/05/10 17:44:50 [notice] 1#1: getrlimit(RLIMIT_NOFILE): 1048576:1048576
2026/05/10 17:44:50 [notice] 1#1: start worker processes
2026/05/10 17:44:50 [notice] 1#1: start worker process 29
2026/05/10 17:44:50 [notice] 1#1: start worker process 30
2026/05/10 17:44:50 [notice] 1#1: start worker process 31
2026/05/10 17:44:50 [notice] 1#1: start worker process 32
2026/05/10 17:44:50 [notice] 1#1: start worker process 33
2026/05/10 17:44:50 [notice] 1#1: start worker process 34
2026/05/10 17:44:50 [notice] 1#1: start worker process 35
2026/05/10 17:44:50 [notice] 1#1: start worker process 36
2026/05/10 17:46:19 [notice] 1#1: signal 3 (SIGQUIT) received, shutting down
2026/05/10 17:46:19 [notice] 30#30: gracefully shutting down
2026/05/10 17:46:19 [notice] 29#29: gracefully shutting down
2026/05/10 17:46:19 [notice] 32#32: gracefully shutting down
2026/05/10 17:46:19 [notice] 31#31: gracefully shutting down
2026/05/10 17:46:19 [notice] 33#33: gracefully shutting down
2026/05/10 17:46:19 [notice] 34#34: gracefully shutting down
2026/05/10 17:46:19 [notice] 36#36: gracefully shutting down
2026/05/10 17:46:19 [notice] 35#35: gracefully shutting down
2026/05/10 17:46:19 [notice] 30#30: exiting
2026/05/10 17:46:19 [notice] 35#35: exiting
2026/05/10 17:46:19 [notice] 32#32: exiting
2026/05/10 17:46:19 [notice] 31#31: exiting
2026/05/10 17:46:19 [notice] 29#29: exiting
2026/05/10 17:46:19 [notice] 33#33: exiting
2026/05/10 17:46:19 [notice] 34#34: exiting
2026/05/10 17:46:19 [notice] 36#36: exiting
2026/05/10 17:46:19 [notice] 32#32: exit
2026/05/10 17:46:19 [notice] 29#29: exit
2026/05/10 17:46:19 [notice] 30#30: exit
2026/05/10 17:46:19 [notice] 33#33: exit
2026/05/10 17:46:19 [notice] 31#31: exit
2026/05/10 17:46:19 [notice] 35#35: exit
2026/05/10 17:46:19 [notice] 34#34: exit
2026/05/10 17:46:19 [notice] 36#36: exit
2026/05/10 17:46:19 [notice] 1#1: signal 17 (SIGCHLD) received from 34
2026/05/10 17:46:19 [notice] 1#1: worker process 30 exited with code 0
2026/05/10 17:46:19 [notice] 1#1: worker process 31 exited with code 0
2026/05/10 17:46:19 [notice] 1#1: worker process 32 exited with code 0
2026/05/10 17:46:19 [notice] 1#1: worker process 33 exited with code 0
2026/05/10 17:46:19 [notice] 1#1: worker process 34 exited with code 0
2026/05/10 17:46:19 [notice] 1#1: worker process 36 exited with code 0
2026/05/10 17:46:19 [notice] 1#1: signal 29 (SIGIO) received
2026/05/10 17:46:19 [notice] 1#1: signal 17 (SIGCHLD) received from 32
2026/05/10 17:46:19 [notice] 1#1: signal 17 (SIGCHLD) received from 35
2026/05/10 17:46:19 [notice] 1#1: worker process 35 exited with code 0
2026/05/10 17:46:19 [notice] 1#1: worker process 29 exited with code 0
2026/05/10 17:46:19 [notice] 1#1: exit
2026/05/10 17:46:39 [notice] 1#1: using the "epoll" event method
2026/05/10 17:46:39 [notice] 1#1: nginx/1.29.8
2026/05/10 17:46:39 [notice] 1#1: built by gcc 15.2.0 (Alpine 15.2.0) 
2026/05/10 17:46:39 [notice] 1#1: OS: Linux 6.10.14-linuxkit
2026/05/10 17:46:39 [notice] 1#1: getrlimit(RLIMIT_NOFILE): 1048576:1048576
2026/05/10 17:46:39 [notice] 1#1: start worker processes
2026/05/10 17:46:39 [notice] 1#1: start worker process 29
2026/05/10 17:46:39 [notice] 1#1: start worker process 30
2026/05/10 17:46:39 [notice] 1#1: start worker process 31
2026/05/10 17:46:39 [notice] 1#1: start worker process 32
2026/05/10 17:46:39 [notice] 1#1: start worker process 33
2026/05/10 17:46:39 [notice] 1#1: start worker process 34
2026/05/10 17:46:39 [notice] 1#1: start worker process 35
2026/05/10 17:46:39 [notice] 1#1: start worker process 36
2026/05/10 17:49:10 [notice] 1#1: signal 3 (SIGQUIT) received, shutting down
2026/05/10 17:49:10 [notice] 31#31: gracefully shutting down
2026/05/10 17:49:10 [notice] 32#32: gracefully shutting down
2026/05/10 17:49:10 [notice] 35#35: gracefully shutting down
2026/05/10 17:49:10 [notice] 33#33: gracefully shutting down
2026/05/10 17:49:10 [notice] 34#34: gracefully shutting down
2026/05/10 17:49:10 [notice] 30#30: gracefully shutting down
2026/05/10 17:49:10 [notice] 34#34: exiting
2026/05/10 17:49:10 [notice] 29#29: gracefully shutting down
2026/05/10 17:49:10 [notice] 31#31: exiting
2026/05/10 17:49:10 [notice] 29#29: exiting
2026/05/10 17:49:10 [notice] 36#36: gracefully shutting down
2026/05/10 17:49:10 [notice] 32#32: exiting
2026/05/10 17:49:10 [notice] 35#35: exiting
2026/05/10 17:49:10 [notice] 36#36: exiting
2026/05/10 17:49:10 [notice] 33#33: exiting
2026/05/10 17:49:10 [notice] 36#36: exit
2026/05/10 17:49:10 [notice] 30#30: exiting
2026/05/10 17:49:10 [notice] 31#31: exit
2026/05/10 17:49:10 [notice] 30#30: exit
2026/05/10 17:49:10 [notice] 34#34: exit
2026/05/10 17:49:10 [notice] 29#29: exit
2026/05/10 17:49:10 [notice] 32#32: exit
2026/05/10 17:49:10 [notice] 35#35: exit
2026/05/10 17:49:10 [notice] 33#33: exit
2026/05/10 17:49:10 [notice] 1#1: signal 17 (SIGCHLD) received from 29
2026/05/10 17:49:10 [notice] 1#1: worker process 29 exited with code 0
2026/05/10 17:49:10 [notice] 1#1: worker process 34 exited with code 0
2026/05/10 17:49:10 [notice] 1#1: worker process 30 exited with code 0
2026/05/10 17:49:10 [notice] 1#1: signal 29 (SIGIO) received
2026/05/10 17:49:10 [notice] 1#1: signal 17 (SIGCHLD) received from 34
2026/05/10 17:49:10 [notice] 1#1: worker process 35 exited with code 0
2026/05/10 17:49:10 [notice] 1#1: signal 29 (SIGIO) received
2026/05/10 17:49:10 [notice] 1#1: signal 17 (SIGCHLD) received from 35
2026/05/10 17:49:10 [notice] 1#1: signal 17 (SIGCHLD) received from 36
2026/05/10 17:49:10 [notice] 1#1: worker process 36 exited with code 0
2026/05/10 17:49:10 [notice] 1#1: signal 29 (SIGIO) received
2026/05/10 17:49:10 [notice] 1#1: signal 17 (SIGCHLD) received from 32
2026/05/10 17:49:10 [notice] 1#1: worker process 31 exited with code 0
2026/05/10 17:49:10 [notice] 1#1: worker process 32 exited with code 0
2026/05/10 17:49:10 [notice] 1#1: signal 29 (SIGIO) received
2026/05/10 17:49:10 [notice] 1#1: signal 17 (SIGCHLD) received from 33
2026/05/10 17:49:10 [notice] 1#1: worker process 33 exited with code 0
2026/05/10 17:49:10 [notice] 1#1: exit
2026/05/10 17:49:31 [notice] 1#1: using the "epoll" event method
2026/05/10 17:49:31 [notice] 1#1: nginx/1.29.8
2026/05/10 17:49:31 [notice] 1#1: built by gcc 15.2.0 (Alpine 15.2.0) 
2026/05/10 17:49:31 [notice] 1#1: OS: Linux 6.10.14-linuxkit
2026/05/10 17:49:31 [notice] 1#1: getrlimit(RLIMIT_NOFILE): 1048576:1048576
2026/05/10 17:49:31 [notice] 1#1: start worker processes
2026/05/10 17:49:31 [notice] 1#1: start worker process 29
2026/05/10 17:49:31 [notice] 1#1: start worker process 30
2026/05/10 17:49:31 [notice] 1#1: start worker process 31
2026/05/10 17:49:31 [notice] 1#1: start worker process 32
2026/05/10 17:49:31 [notice] 1#1: start worker process 33
2026/05/10 17:49:31 [notice] 1#1: start worker process 34
2026/05/10 17:49:31 [notice] 1#1: start worker process 35
2026/05/10 17:49:31 [notice] 1#1: start worker process 36
2026/05/10 17:52:09 [notice] 1#1: signal 3 (SIGQUIT) received, shutting down
2026/05/10 17:52:09 [notice] 32#32: gracefully shutting down
2026/05/10 17:52:09 [notice] 36#36: gracefully shutting down
2026/05/10 17:52:09 [notice] 29#29: gracefully shutting down
2026/05/10 17:52:09 [notice] 30#30: gracefully shutting down
2026/05/10 17:52:09 [notice] 31#31: gracefully shutting down
2026/05/10 17:52:09 [notice] 35#35: gracefully shutting down
2026/05/10 17:52:09 [notice] 34#34: gracefully shutting down
2026/05/10 17:52:09 [notice] 32#32: exiting
2026/05/10 17:52:09 [notice] 36#36: exiting
2026/05/10 17:52:09 [notice] 29#29: exiting
2026/05/10 17:52:09 [notice] 36#36: exit
2026/05/10 17:52:09 [notice] 30#30: exiting
2026/05/10 17:52:09 [notice] 31#31: exiting
2026/05/10 17:52:09 [notice] 35#35: exiting
2026/05/10 17:52:09 [notice] 34#34: exiting
2026/05/10 17:52:09 [notice] 32#32: exit
2026/05/10 17:52:09 [notice] 33#33: gracefully shutting down
2026/05/10 17:52:09 [notice] 29#29: exit
2026/05/10 17:52:09 [notice] 30#30: exit
2026/05/10 17:52:09 [notice] 31#31: exit
2026/05/10 17:52:09 [notice] 35#35: exit
2026/05/10 17:52:09 [notice] 34#34: exit
2026/05/10 17:52:09 [notice] 33#33: exiting
2026/05/10 17:52:09 [notice] 33#33: exit
2026/05/10 17:52:09 [notice] 1#1: signal 17 (SIGCHLD) received from 36
2026/05/10 17:52:09 [notice] 1#1: worker process 36 exited with code 0
2026/05/10 17:52:09 [notice] 1#1: signal 29 (SIGIO) received
2026/05/10 17:52:09 [notice] 1#1: signal 17 (SIGCHLD) received from 30
2026/05/10 17:52:09 [notice] 1#1: worker process 29 exited with code 0
2026/05/10 17:52:09 [notice] 1#1: worker process 30 exited with code 0
2026/05/10 17:52:09 [notice] 1#1: worker process 31 exited with code 0
2026/05/10 17:52:09 [notice] 1#1: worker process 33 exited with code 0
2026/05/10 17:52:09 [notice] 1#1: signal 29 (SIGIO) received
2026/05/10 17:52:09 [notice] 1#1: signal 17 (SIGCHLD) received from 29
2026/05/10 17:52:09 [notice] 1#1: signal 17 (SIGCHLD) received from 34
2026/05/10 17:52:09 [notice] 1#1: worker process 32 exited with code 0
2026/05/10 17:52:09 [notice] 1#1: worker process 34 exited with code 0
2026/05/10 17:52:09 [notice] 1#1: signal 17 (SIGCHLD) received from 35
2026/05/10 17:52:09 [notice] 1#1: worker process 35 exited with code 0
2026/05/10 17:52:09 [notice] 1#1: exit
2026/05/10 17:52:29 [notice] 1#1: using the "epoll" event method
2026/05/10 17:52:29 [notice] 1#1: nginx/1.29.8
2026/05/10 17:52:29 [notice] 1#1: built by gcc 15.2.0 (Alpine 15.2.0) 
2026/05/10 17:52:29 [notice] 1#1: OS: Linux 6.10.14-linuxkit
2026/05/10 17:52:29 [notice] 1#1: getrlimit(RLIMIT_NOFILE): 1048576:1048576
2026/05/10 17:52:29 [notice] 1#1: start worker processes
2026/05/10 17:52:29 [notice] 1#1: start worker process 29
2026/05/10 17:52:29 [notice] 1#1: start worker process 30
2026/05/10 17:52:29 [notice] 1#1: start worker process 31
2026/05/10 17:52:29 [notice] 1#1: start worker process 32
2026/05/10 17:52:29 [notice] 1#1: start worker process 33
2026/05/10 17:52:29 [notice] 1#1: start worker process 34
2026/05/10 17:52:29 [notice] 1#1: start worker process 35
2026/05/10 17:52:29 [notice] 1#1: start worker process 36
2026/05/10 18:19:02 [notice] 1#1: signal 3 (SIGQUIT) received, shutting down
2026/05/10 18:19:02 [notice] 32#32: gracefully shutting down
2026/05/10 18:19:02 [notice] 29#29: gracefully shutting down
2026/05/10 18:19:02 [notice] 32#32: exiting
2026/05/10 18:19:02 [notice] 30#30: gracefully shutting down
2026/05/10 18:19:02 [notice] 34#34: gracefully shutting down
2026/05/10 18:19:02 [notice] 33#33: gracefully shutting down
2026/05/10 18:19:02 [notice] 29#29: exiting
2026/05/10 18:19:02 [notice] 36#36: gracefully shutting down
2026/05/10 18:19:02 [notice] 31#31: gracefully shutting down
2026/05/10 18:19:02 [notice] 36#36: exiting
2026/05/10 18:19:02 [notice] 34#34: exiting
2026/05/10 18:19:02 [notice] 35#35: gracefully shutting down
2026/05/10 18:19:02 [notice] 32#32: exit
2026/05/10 18:19:02 [notice] 29#29: exit
2026/05/10 18:19:02 [notice] 36#36: exit
2026/05/10 18:19:02 [notice] 30#30: exiting
2026/05/10 18:19:02 [notice] 34#34: exit
2026/05/10 18:19:02 [notice] 35#35: exiting
2026/05/10 18:19:02 [notice] 31#31: exiting
2026/05/10 18:19:02 [notice] 33#33: exiting
2026/05/10 18:19:02 [notice] 30#30: exit
2026/05/10 18:19:02 [notice] 35#35: exit
2026/05/10 18:19:02 [notice] 31#31: exit
2026/05/10 18:19:02 [notice] 33#33: exit
2026/05/10 18:19:02 [notice] 1#1: signal 17 (SIGCHLD) received from 35
2026/05/10 18:19:02 [notice] 1#1: worker process 29 exited with code 0
2026/05/10 18:19:02 [notice] 1#1: worker process 30 exited with code 0
2026/05/10 18:19:02 [notice] 1#1: worker process 31 exited with code 0
2026/05/10 18:19:02 [notice] 1#1: worker process 32 exited with code 0
2026/05/10 18:19:02 [notice] 1#1: worker process 33 exited with code 0
2026/05/10 18:19:02 [notice] 1#1: worker process 34 exited with code 0
2026/05/10 18:19:02 [notice] 1#1: worker process 35 exited with code 0
2026/05/10 18:19:02 [notice] 1#1: signal 29 (SIGIO) received
2026/05/10 18:19:02 [notice] 1#1: signal 17 (SIGCHLD) received from 34
2026/05/10 18:19:02 [notice] 1#1: signal 17 (SIGCHLD) received from 36
2026/05/10 18:19:02 [notice] 1#1: worker process 36 exited with code 0
2026/05/10 18:19:02 [notice] 1#1: exit
2026/05/10 18:19:23 [notice] 1#1: using the "epoll" event method
2026/05/10 18:19:23 [notice] 1#1: nginx/1.29.8
2026/05/10 18:19:23 [notice] 1#1: built by gcc 15.2.0 (Alpine 15.2.0) 
2026/05/10 18:19:23 [notice] 1#1: OS: Linux 6.10.14-linuxkit
2026/05/10 18:19:23 [notice] 1#1: getrlimit(RLIMIT_NOFILE): 1048576:1048576
2026/05/10 18:19:23 [notice] 1#1: start worker processes
2026/05/10 18:19:23 [notice] 1#1: start worker process 29
2026/05/10 18:19:23 [notice] 1#1: start worker process 30
2026/05/10 18:19:23 [notice] 1#1: start worker process 31
2026/05/10 18:19:23 [notice] 1#1: start worker process 32
2026/05/10 18:19:23 [notice] 1#1: start worker process 33
2026/05/10 18:19:23 [notice] 1#1: start worker process 34
2026/05/10 18:19:23 [notice] 1#1: start worker process 35
2026/05/10 18:19:23 [notice] 1#1: start worker process 36
2026/05/11 07:35:35 [notice] 1#1: signal 3 (SIGQUIT) received, shutting down
2026/05/11 07:35:35 [notice] 31#31: gracefully shutting down
2026/05/11 07:35:35 [notice] 30#30: gracefully shutting down
2026/05/11 07:35:35 [notice] 30#30: exiting
2026/05/11 07:35:35 [notice] 34#34: gracefully shutting down
2026/05/11 07:35:35 [notice] 35#35: gracefully shutting down
2026/05/11 07:35:35 [notice] 36#36: gracefully shutting down
2026/05/11 07:35:35 [notice] 32#32: gracefully shutting down
2026/05/11 07:35:35 [notice] 29#29: gracefully shutting down
2026/05/11 07:35:35 [notice] 31#31: exiting
2026/05/11 07:35:35 [notice] 35#35: exiting
2026/05/11 07:35:35 [notice] 33#33: gracefully shutting down
2026/05/11 07:35:35 [notice] 32#32: exiting
2026/05/11 07:35:35 [notice] 33#33: exiting
2026/05/11 07:35:35 [notice] 34#34: exiting
2026/05/11 07:35:35 [notice] 36#36: exiting
2026/05/11 07:35:35 [notice] 34#34: exit
2026/05/11 07:35:35 [notice] 29#29: exiting
2026/05/11 07:35:35 [notice] 31#31: exit
2026/05/11 07:35:35 [notice] 30#30: exit
2026/05/11 07:35:35 [notice] 36#36: exit
2026/05/11 07:35:35 [notice] 32#32: exit
2026/05/11 07:35:35 [notice] 35#35: exit
2026/05/11 07:35:35 [notice] 33#33: exit
2026/05/11 07:35:35 [notice] 29#29: exit
2026/05/11 07:35:35 [notice] 1#1: signal 17 (SIGCHLD) received from 35
2026/05/11 07:35:35 [notice] 1#1: worker process 32 exited with code 0
2026/05/11 07:35:35 [notice] 1#1: worker process 35 exited with code 0
2026/05/11 07:35:35 [notice] 1#1: signal 29 (SIGIO) received
2026/05/11 07:35:35 [notice] 1#1: signal 17 (SIGCHLD) received from 33
2026/05/11 07:35:35 [notice] 1#1: worker process 33 exited with code 0
2026/05/11 07:35:35 [notice] 1#1: worker process 34 exited with code 0
2026/05/11 07:35:35 [notice] 1#1: worker process 36 exited with code 0
2026/05/11 07:35:35 [notice] 1#1: signal 29 (SIGIO) received
2026/05/11 07:35:35 [notice] 1#1: signal 17 (SIGCHLD) received from 29
2026/05/11 07:35:35 [notice] 1#1: worker process 29 exited with code 0
2026/05/11 07:35:35 [notice] 1#1: worker process 31 exited with code 0
2026/05/11 07:35:35 [notice] 1#1: signal 29 (SIGIO) received
2026/05/11 07:35:35 [notice] 1#1: signal 17 (SIGCHLD) received from 30
2026/05/11 07:35:35 [notice] 1#1: worker process 30 exited with code 0
2026/05/11 07:35:35 [notice] 1#1: exit
2026/05/11 07:35:56 [notice] 1#1: using the "epoll" event method
2026/05/11 07:35:56 [notice] 1#1: nginx/1.29.8
2026/05/11 07:35:56 [notice] 1#1: built by gcc 15.2.0 (Alpine 15.2.0) 
2026/05/11 07:35:56 [notice] 1#1: OS: Linux 6.10.14-linuxkit
2026/05/11 07:35:56 [notice] 1#1: getrlimit(RLIMIT_NOFILE): 1048576:1048576
2026/05/11 07:35:56 [notice] 1#1: start worker processes
2026/05/11 07:35:56 [notice] 1#1: start worker process 29
2026/05/11 07:35:56 [notice] 1#1: start worker process 30
2026/05/11 07:35:56 [notice] 1#1: start worker process 31
2026/05/11 07:35:56 [notice] 1#1: start worker process 32
2026/05/11 07:35:56 [notice] 1#1: start worker process 33
2026/05/11 07:35:56 [notice] 1#1: start worker process 34
2026/05/11 07:35:56 [notice] 1#1: start worker process 35
2026/05/11 07:35:56 [notice] 1#1: start worker process 36
2026/05/11 08:05:52 [notice] 1#1: signal 3 (SIGQUIT) received, shutting down
2026/05/11 08:05:52 [notice] 30#30: gracefully shutting down
2026/05/11 08:05:52 [notice] 36#36: gracefully shutting down
2026/05/11 08:05:52 [notice] 30#30: exiting
2026/05/11 08:05:52 [notice] 32#32: gracefully shutting down
2026/05/11 08:05:52 [notice] 33#33: gracefully shutting down
2026/05/11 08:05:52 [notice] 29#29: gracefully shutting down
2026/05/11 08:05:52 [notice] 34#34: gracefully shutting down
2026/05/11 08:05:52 [notice] 31#31: gracefully shutting down
2026/05/11 08:05:52 [notice] 35#35: gracefully shutting down
2026/05/11 08:05:52 [notice] 36#36: exiting
2026/05/11 08:05:52 [notice] 29#29: exiting
2026/05/11 08:05:52 [notice] 34#34: exiting
2026/05/11 08:05:52 [notice] 30#30: exit
2026/05/11 08:05:52 [notice] 33#33: exiting
2026/05/11 08:05:52 [notice] 34#34: exit
2026/05/11 08:05:52 [notice] 35#35: exiting
2026/05/11 08:05:52 [notice] 31#31: exiting
2026/05/11 08:05:52 [notice] 36#36: exit
2026/05/11 08:05:52 [notice] 29#29: exit
2026/05/11 08:05:52 [notice] 31#31: exit
2026/05/11 08:05:52 [notice] 32#32: exiting
2026/05/11 08:05:52 [notice] 32#32: exit
2026/05/11 08:05:52 [notice] 33#33: exit
2026/05/11 08:05:52 [notice] 35#35: exit
2026/05/11 08:05:52 [notice] 1#1: signal 17 (SIGCHLD) received from 30
2026/05/11 08:05:52 [notice] 1#1: worker process 29 exited with code 0
2026/05/11 08:05:52 [notice] 1#1: worker process 30 exited with code 0
2026/05/11 08:05:52 [notice] 1#1: worker process 31 exited with code 0
2026/05/11 08:05:52 [notice] 1#1: worker process 32 exited with code 0
2026/05/11 08:05:52 [notice] 1#1: worker process 33 exited with code 0
2026/05/11 08:05:52 [notice] 1#1: worker process 34 exited with code 0
2026/05/11 08:05:52 [notice] 1#1: worker process 35 exited with code 0
2026/05/11 08:05:52 [notice] 1#1: worker process 36 exited with code 0
2026/05/11 08:05:52 [notice] 1#1: exit
2026/05/11 08:06:29 [notice] 1#1: using the "epoll" event method
2026/05/11 08:06:29 [notice] 1#1: nginx/1.29.8
2026/05/11 08:06:29 [notice] 1#1: built by gcc 15.2.0 (Alpine 15.2.0) 
2026/05/11 08:06:29 [notice] 1#1: OS: Linux 6.10.14-linuxkit
2026/05/11 08:06:29 [notice] 1#1: getrlimit(RLIMIT_NOFILE): 1048576:1048576
2026/05/11 08:06:29 [notice] 1#1: start worker processes
2026/05/11 08:06:29 [notice] 1#1: start worker process 28
2026/05/11 08:06:29 [notice] 1#1: start worker process 29
2026/05/11 08:06:29 [notice] 1#1: start worker process 30
2026/05/11 08:06:29 [notice] 1#1: start worker process 31
2026/05/11 08:06:29 [notice] 1#1: start worker process 32
2026/05/11 08:06:29 [notice] 1#1: start worker process 33
2026/05/11 08:06:29 [notice] 1#1: start worker process 34
2026/05/11 08:06:29 [notice] 1#1: start worker process 35
2026/05/11 08:28:32 [notice] 1#1: signal 3 (SIGQUIT) received, shutting down
2026/05/11 08:28:32 [notice] 28#28: gracefully shutting down
2026/05/11 08:28:32 [notice] 29#29: gracefully shutting down
2026/05/11 08:28:32 [notice] 31#31: gracefully shutting down
2026/05/11 08:28:32 [notice] 32#32: gracefully shutting down
2026/05/11 08:28:32 [notice] 35#35: gracefully shutting down
2026/05/11 08:28:32 [notice] 29#29: exiting
2026/05/11 08:28:32 [notice] 30#30: gracefully shutting down
2026/05/11 08:28:32 [notice] 34#34: gracefully shutting down
2026/05/11 08:28:32 [notice] 30#30: exiting
2026/05/11 08:28:32 [notice] 33#33: gracefully shutting down
2026/05/11 08:28:32 [notice] 28#28: exiting
2026/05/11 08:28:32 [notice] 31#31: exiting
2026/05/11 08:28:32 [notice] 35#35: exiting
2026/05/11 08:28:32 [notice] 32#32: exiting
2026/05/11 08:28:32 [notice] 35#35: exit
2026/05/11 08:28:32 [notice] 34#34: exiting
2026/05/11 08:28:32 [notice] 29#29: exit
2026/05/11 08:28:32 [notice] 28#28: exit
2026/05/11 08:28:32 [notice] 30#30: exit
2026/05/11 08:28:32 [notice] 31#31: exit
2026/05/11 08:28:32 [notice] 32#32: exit
2026/05/11 08:28:32 [notice] 34#34: exit
2026/05/11 08:28:32 [notice] 33#33: exiting
2026/05/11 08:28:32 [notice] 33#33: exit
2026/05/11 08:28:32 [notice] 1#1: signal 17 (SIGCHLD) received from 28
2026/05/11 08:28:32 [notice] 1#1: worker process 28 exited with code 0
2026/05/11 08:28:32 [notice] 1#1: signal 29 (SIGIO) received
2026/05/11 08:28:32 [notice] 1#1: signal 17 (SIGCHLD) received from 29
2026/05/11 08:28:32 [notice] 1#1: worker process 29 exited with code 0
2026/05/11 08:28:32 [notice] 1#1: worker process 30 exited with code 0
2026/05/11 08:28:32 [notice] 1#1: worker process 31 exited with code 0
2026/05/11 08:28:32 [notice] 1#1: worker process 32 exited with code 0
2026/05/11 08:28:32 [notice] 1#1: worker process 34 exited with code 0
2026/05/11 08:28:32 [notice] 1#1: worker process 33 exited with code 0
2026/05/11 08:28:32 [notice] 1#1: worker process 35 exited with code 0
2026/05/11 08:28:32 [notice] 1#1: exit
2026/05/11 08:30:00 [notice] 1#1: using the "epoll" event method
2026/05/11 08:30:00 [notice] 1#1: nginx/1.29.8
2026/05/11 08:30:00 [notice] 1#1: built by gcc 15.2.0 (Alpine 15.2.0) 
2026/05/11 08:30:00 [notice] 1#1: OS: Linux 6.10.14-linuxkit
2026/05/11 08:30:00 [notice] 1#1: getrlimit(RLIMIT_NOFILE): 1048576:1048576
2026/05/11 08:30:00 [notice] 1#1: start worker processes
2026/05/11 08:30:00 [notice] 1#1: start worker process 29
2026/05/11 08:30:00 [notice] 1#1: start worker process 30
2026/05/11 08:30:00 [notice] 1#1: start worker process 31
2026/05/11 08:30:00 [notice] 1#1: start worker process 32
2026/05/11 08:30:00 [notice] 1#1: start worker process 33
2026/05/11 08:30:00 [notice] 1#1: start worker process 34
2026/05/11 08:30:00 [notice] 1#1: start worker process 35
2026/05/11 08:30:00 [notice] 1#1: start worker process 36
2026/05/11 09:07:39 [notice] 1#1: signal 3 (SIGQUIT) received, shutting down
2026/05/11 09:07:39 [notice] 31#31: gracefully shutting down
2026/05/11 09:07:39 [notice] 34#34: gracefully shutting down
2026/05/11 09:07:39 [notice] 29#29: gracefully shutting down
2026/05/11 09:07:39 [notice] 30#30: gracefully shutting down
2026/05/11 09:07:39 [notice] 32#32: gracefully shutting down
2026/05/11 09:07:39 [notice] 35#35: gracefully shutting down
2026/05/11 09:07:39 [notice] 34#34: exiting
2026/05/11 09:07:39 [notice] 31#31: exiting
2026/05/11 09:07:39 [notice] 36#36: gracefully shutting down
2026/05/11 09:07:39 [notice] 33#33: gracefully shutting down
2026/05/11 09:07:39 [notice] 29#29: exiting
2026/05/11 09:07:39 [notice] 30#30: exiting
2026/05/11 09:07:39 [notice] 32#32: exiting
2026/05/11 09:07:39 [notice] 35#35: exiting
2026/05/11 09:07:39 [notice] 36#36: exiting
2026/05/11 09:07:39 [notice] 33#33: exiting
2026/05/11 09:07:39 [notice] 34#34: exit
2026/05/11 09:07:39 [notice] 32#32: exit
2026/05/11 09:07:39 [notice] 31#31: exit
2026/05/11 09:07:39 [notice] 29#29: exit
2026/05/11 09:07:39 [notice] 33#33: exit
2026/05/11 09:07:39 [notice] 30#30: exit
2026/05/11 09:07:39 [notice] 35#35: exit
2026/05/11 09:07:39 [notice] 36#36: exit
2026/05/11 09:07:39 [notice] 1#1: signal 17 (SIGCHLD) received from 33
2026/05/11 09:07:39 [notice] 1#1: worker process 29 exited with code 0
2026/05/11 09:07:39 [notice] 1#1: worker process 33 exited with code 0
2026/05/11 09:07:39 [notice] 1#1: worker process 34 exited with code 0
2026/05/11 09:07:39 [notice] 1#1: signal 29 (SIGIO) received
2026/05/11 09:07:39 [notice] 1#1: signal 17 (SIGCHLD) received from 34
2026/05/11 09:07:39 [notice] 1#1: signal 17 (SIGCHLD) received from 32
2026/05/11 09:07:39 [notice] 1#1: worker process 32 exited with code 0
2026/05/11 09:07:39 [notice] 1#1: signal 29 (SIGIO) received
2026/05/11 09:07:39 [notice] 1#1: signal 17 (SIGCHLD) received from 31
2026/05/11 09:07:39 [notice] 1#1: worker process 31 exited with code 0
2026/05/11 09:07:39 [notice] 1#1: signal 29 (SIGIO) received
2026/05/11 09:07:39 [notice] 1#1: signal 17 (SIGCHLD) received from 30
2026/05/11 09:07:39 [notice] 1#1: worker process 30 exited with code 0
2026/05/11 09:07:39 [notice] 1#1: signal 29 (SIGIO) received
2026/05/11 09:07:39 [notice] 1#1: signal 17 (SIGCHLD) received from 35
2026/05/11 09:07:39 [notice] 1#1: worker process 35 exited with code 0
2026/05/11 09:07:39 [notice] 1#1: signal 29 (SIGIO) received
2026/05/11 09:07:39 [notice] 1#1: signal 17 (SIGCHLD) received from 36
2026/05/11 09:07:39 [notice] 1#1: worker process 36 exited with code 0
2026/05/11 09:07:39 [notice] 1#1: exit
2026/05/11 09:08:01 [notice] 1#1: using the "epoll" event method
2026/05/11 09:08:01 [notice] 1#1: nginx/1.29.8
2026/05/11 09:08:01 [notice] 1#1: built by gcc 15.2.0 (Alpine 15.2.0) 
2026/05/11 09:08:01 [notice] 1#1: OS: Linux 6.10.14-linuxkit
2026/05/11 09:08:01 [notice] 1#1: getrlimit(RLIMIT_NOFILE): 1048576:1048576
2026/05/11 09:08:01 [notice] 1#1: start worker processes
2026/05/11 09:08:01 [notice] 1#1: start worker process 29
2026/05/11 09:08:01 [notice] 1#1: start worker process 30
2026/05/11 09:08:01 [notice] 1#1: start worker process 31
2026/05/11 09:08:01 [notice] 1#1: start worker process 32
2026/05/11 09:08:01 [notice] 1#1: start worker process 33
2026/05/11 09:08:01 [notice] 1#1: start worker process 34
2026/05/11 09:08:01 [notice] 1#1: start worker process 35
2026/05/11 09:08:01 [notice] 1#1: start worker process 36
2026/05/11 09:09:38 [notice] 1#1: signal 3 (SIGQUIT) received, shutting down
2026/05/11 09:09:38 [notice] 31#31: gracefully shutting down
2026/05/11 09:09:38 [notice] 34#34: gracefully shutting down
2026/05/11 09:09:38 [notice] 32#32: gracefully shutting down
2026/05/11 09:09:38 [notice] 29#29: gracefully shutting down
2026/05/11 09:09:38 [notice] 29#29: exiting
2026/05/11 09:09:38 [notice] 30#30: gracefully shutting down
2026/05/11 09:09:38 [notice] 33#33: gracefully shutting down
2026/05/11 09:09:38 [notice] 35#35: gracefully shutting down
2026/05/11 09:09:38 [notice] 31#31: exiting
2026/05/11 09:09:38 [notice] 31#31: exit
2026/05/11 09:09:38 [notice] 36#36: gracefully shutting down
2026/05/11 09:09:38 [notice] 34#34: exiting
2026/05/11 09:09:38 [notice] 32#32: exiting
2026/05/11 09:09:38 [notice] 29#29: exit
2026/05/11 09:09:38 [notice] 30#30: exiting
2026/05/11 09:09:38 [notice] 33#33: exiting
2026/05/11 09:09:38 [notice] 35#35: exiting
2026/05/11 09:09:38 [notice] 36#36: exiting
2026/05/11 09:09:38 [notice] 34#34: exit
2026/05/11 09:09:38 [notice] 32#32: exit
2026/05/11 09:09:38 [notice] 30#30: exit
2026/05/11 09:09:38 [notice] 33#33: exit
2026/05/11 09:09:38 [notice] 35#35: exit
2026/05/11 09:09:38 [notice] 36#36: exit
2026/05/11 09:09:38 [notice] 1#1: signal 17 (SIGCHLD) received from 33
2026/05/11 09:09:38 [notice] 1#1: worker process 29 exited with code 0
2026/05/11 09:09:38 [notice] 1#1: worker process 30 exited with code 0
2026/05/11 09:09:38 [notice] 1#1: worker process 31 exited with code 0
2026/05/11 09:09:38 [notice] 1#1: worker process 32 exited with code 0
2026/05/11 09:09:38 [notice] 1#1: worker process 33 exited with code 0
2026/05/11 09:09:38 [notice] 1#1: worker process 34 exited with code 0
2026/05/11 09:09:38 [notice] 1#1: worker process 35 exited with code 0
2026/05/11 09:09:38 [notice] 1#1: signal 29 (SIGIO) received
2026/05/11 09:09:38 [notice] 1#1: signal 17 (SIGCHLD) received from 30
2026/05/11 09:09:38 [notice] 1#1: signal 17 (SIGCHLD) received from 36
2026/05/11 09:09:38 [notice] 1#1: worker process 36 exited with code 0
2026/05/11 09:09:38 [notice] 1#1: exit
2026/05/11 09:10:26 [notice] 1#1: using the "epoll" event method
2026/05/11 09:10:26 [notice] 1#1: nginx/1.29.8
2026/05/11 09:10:26 [notice] 1#1: built by gcc 15.2.0 (Alpine 15.2.0) 
2026/05/11 09:10:26 [notice] 1#1: OS: Linux 6.10.14-linuxkit
2026/05/11 09:10:26 [notice] 1#1: getrlimit(RLIMIT_NOFILE): 1048576:1048576
2026/05/11 09:10:26 [notice] 1#1: start worker processes
2026/05/11 09:10:26 [notice] 1#1: start worker process 29
2026/05/11 09:10:26 [notice] 1#1: start worker process 30
2026/05/11 09:10:26 [notice] 1#1: start worker process 31
2026/05/11 09:10:26 [notice] 1#1: start worker process 32
2026/05/11 09:10:26 [notice] 1#1: start worker process 33
2026/05/11 09:10:26 [notice] 1#1: start worker process 34
2026/05/11 09:10:26 [notice] 1#1: start worker process 35
2026/05/11 09:10:26 [notice] 1#1: start worker process 36
2026/05/11 09:11:35 [notice] 1#1: signal 3 (SIGQUIT) received, shutting down
2026/05/11 09:11:35 [notice] 30#30: gracefully shutting down
2026/05/11 09:11:35 [notice] 30#30: exiting
2026/05/11 09:11:35 [notice] 29#29: gracefully shutting down
2026/05/11 09:11:35 [notice] 32#32: gracefully shutting down
2026/05/11 09:11:35 [notice] 31#31: gracefully shutting down
2026/05/11 09:11:35 [notice] 35#35: gracefully shutting down
2026/05/11 09:11:35 [notice] 34#34: gracefully shutting down
2026/05/11 09:11:35 [notice] 35#35: exiting
2026/05/11 09:11:35 [notice] 33#33: gracefully shutting down
2026/05/11 09:11:35 [notice] 36#36: gracefully shutting down
2026/05/11 09:11:35 [notice] 30#30: exit
2026/05/11 09:11:35 [notice] 29#29: exiting
2026/05/11 09:11:35 [notice] 32#32: exiting
2026/05/11 09:11:35 [notice] 31#31: exiting
2026/05/11 09:11:35 [notice] 34#34: exiting
2026/05/11 09:11:35 [notice] 35#35: exit
2026/05/11 09:11:35 [notice] 33#33: exiting
2026/05/11 09:11:35 [notice] 33#33: exit
2026/05/11 09:11:35 [notice] 36#36: exiting
2026/05/11 09:11:35 [notice] 29#29: exit
2026/05/11 09:11:35 [notice] 32#32: exit
2026/05/11 09:11:35 [notice] 31#31: exit
2026/05/11 09:11:35 [notice] 34#34: exit
2026/05/11 09:11:35 [notice] 36#36: exit
2026/05/11 09:11:35 [notice] 1#1: signal 17 (SIGCHLD) received from 32
2026/05/11 09:11:35 [notice] 1#1: worker process 29 exited with code 0
2026/05/11 09:11:35 [notice] 1#1: worker process 30 exited with code 0
2026/05/11 09:11:35 [notice] 1#1: worker process 31 exited with code 0
2026/05/11 09:11:35 [notice] 1#1: worker process 32 exited with code 0
2026/05/11 09:11:35 [notice] 1#1: worker process 33 exited with code 0
2026/05/11 09:11:35 [notice] 1#1: worker process 34 exited with code 0
2026/05/11 09:11:35 [notice] 1#1: worker process 35 exited with code 0
2026/05/11 09:11:35 [notice] 1#1: worker process 36 exited with code 0
2026/05/11 09:11:35 [notice] 1#1: exit
2026/05/11 09:12:01 [notice] 1#1: using the "epoll" event method
2026/05/11 09:12:01 [notice] 1#1: nginx/1.29.8
2026/05/11 09:12:01 [notice] 1#1: built by gcc 15.2.0 (Alpine 15.2.0) 
2026/05/11 09:12:01 [notice] 1#1: OS: Linux 6.10.14-linuxkit
2026/05/11 09:12:01 [notice] 1#1: getrlimit(RLIMIT_NOFILE): 1048576:1048576
2026/05/11 09:12:01 [notice] 1#1: start worker processes
2026/05/11 09:12:01 [notice] 1#1: start worker process 28
2026/05/11 09:12:01 [notice] 1#1: start worker process 29
2026/05/11 09:12:01 [notice] 1#1: start worker process 30
2026/05/11 09:12:01 [notice] 1#1: start worker process 31
2026/05/11 09:12:01 [notice] 1#1: start worker process 32
2026/05/11 09:12:01 [notice] 1#1: start worker process 33
2026/05/11 09:12:01 [notice] 1#1: start worker process 34
2026/05/11 09:12:01 [notice] 1#1: start worker process 35
